#
# There is insufficient memory for the Java Runtime Environment to continue.
# Native memory allocation (malloc) failed to allocate 1319488 bytes for Chunk::new
# Possible reasons:
#   The system is out of physical RAM or swap space
#   The process is running with CompressedOops enabled, and the Java Heap may be blocking the growth of the native heap
# Possible solutions:
#   Reduce memory load on the system
#   Increase physical memory or swap space
#   Check if swap backing store is full
#   Decrease Java heap size (-Xmx/-Xms)
#   Decrease number of Java threads
#   Decrease Java thread stack sizes (-Xss)
#   Set larger code cache with -XX:ReservedCodeCacheSize=
#   JVM is running with Unscaled Compressed Oops mode in which the Java heap is
#     placed in the first 4GB address space. The Java Heap base address is the
#     maximum limit for the native heap growth. Please use -XX:HeapBaseMinAddress
#     to set the Java Heap base and to place the Java Heap above 4GB virtual address.
# This output file may be truncated or incomplete.
#
#  Out of Memory Error (arena.cpp:189), pid=19236, tid=18360
#
# JRE version: Java(TM) SE Runtime Environment (17.0.9+11) (build 17.0.9+11-LTS-201)
# Java VM: Java HotSpot(TM) 64-Bit Server VM (17.0.9+11-LTS-201, mixed mode, sharing, tiered, compressed oops, compressed class ptrs, g1 gc, windows-amd64)
# No core dump will be written. Minidumps are not enabled by default on client versions of Windows
#

---------------  S U M M A R Y ------------

Command Line: -javaagent:C:\Program Files\JetBrains\IntelliJ IDEA Community Edition 2023.3.2\lib\idea_rt.jar=52255:C:\Program Files\JetBrains\IntelliJ IDEA Community Edition 2023.3.2\bin -Dfile.encoding=UTF-8 com.BusReservationApp.BusReservationAppApplication

Host: Intel(R) Core(TM) i3-1005G1 CPU @ 1.20GHz, 4 cores, 7G,  Windows 11 , 64 bit Build 22621 (10.0.22621.3235)
Time: Wed May 22 22:43:15 2024 India Standard Time elapsed time: 0.905164 seconds (0d 0h 0m 0s)

---------------  T H R E A D  ---------------

Current thread (0x0000015647349ef0):  JavaThread "C2 CompilerThread1" daemon [_thread_in_native, id=18360, stack(0x000000523b200000,0x000000523b300000)]


Current CompileTask:
C2:    905  672       4       java.util.jar.JarFile::getEntry (35 bytes)

Stack: [0x000000523b200000,0x000000523b300000]
Native frames: (J=compiled Java code, j=interpreted, Vv=VM code, C=native code)
V  [jvm.dll+0x678a4a]
V  [jvm.dll+0x7d9cfd]
V  [jvm.dll+0x7db60e]
V  [jvm.dll+0x7dbc73]
V  [jvm.dll+0x245e1f]
V  [jvm.dll+0xaaafb]
V  [jvm.dll+0xab09c]
V  [jvm.dll+0x36237e]
V  [jvm.dll+0x32ca01]
V  [jvm.dll+0x32be9a]
V  [jvm.dll+0x21812f]
V  [jvm.dll+0x217561]
V  [jvm.dll+0x1a3bc0]
V  [jvm.dll+0x2272de]
V  [jvm.dll+0x22548b]
V  [jvm.dll+0x78f58c]
V  [jvm.dll+0x78998a]
V  [jvm.dll+0x677875]
C  [ucrtbase.dll+0x29363]
C  [KERNEL32.DLL+0x1257d]
C  [ntdll.dll+0x5aa58]


---------------  P R O C E S S  ---------------

Threads class SMR info:
_java_thread_list=0x00000156471cda60, length=14, elements={
0x0000015663ecb7a0, 0x000001567f60bef0, 0x000001567f60cab0, 0x000001567f61f360,
0x000001567f621330, 0x000001567f625e10, 0x000001567f6267d0, 0x000001567f627570,
0x000001567f6782c0, 0x000001567f69d830, 0x000001567f7f1ca0, 0x000001567f9fbb10,
0x000001567f8bfd10, 0x0000015647349ef0
}

Java Threads: ( => current thread )
  0x0000015663ecb7a0 JavaThread "main" [_thread_in_Java, id=11696, stack(0x0000005239e00000,0x0000005239f00000)]
  0x000001567f60bef0 JavaThread "Reference Handler" daemon [_thread_blocked, id=17280, stack(0x000000523a500000,0x000000523a600000)]
  0x000001567f60cab0 JavaThread "Finalizer" daemon [_thread_blocked, id=10188, stack(0x000000523a600000,0x000000523a700000)]
  0x000001567f61f360 JavaThread "Signal Dispatcher" daemon [_thread_blocked, id=8932, stack(0x000000523a700000,0x000000523a800000)]
  0x000001567f621330 JavaThread "Attach Listener" daemon [_thread_blocked, id=11484, stack(0x000000523a800000,0x000000523a900000)]
  0x000001567f625e10 JavaThread "Service Thread" daemon [_thread_blocked, id=13260, stack(0x000000523a900000,0x000000523aa00000)]
  0x000001567f6267d0 JavaThread "Monitor Deflation Thread" daemon [_thread_blocked, id=9308, stack(0x000000523aa00000,0x000000523ab00000)]
  0x000001567f627570 JavaThread "C2 CompilerThread0" daemon [_thread_blocked, id=17664, stack(0x000000523ab00000,0x000000523ac00000)]
  0x000001567f6782c0 JavaThread "C1 CompilerThread0" daemon [_thread_blocked, id=13832, stack(0x000000523ac00000,0x000000523ad00000)]
  0x000001567f69d830 JavaThread "Sweeper thread" daemon [_thread_blocked, id=2516, stack(0x000000523ad00000,0x000000523ae00000)]
  0x000001567f7f1ca0 JavaThread "Common-Cleaner" daemon [_thread_blocked, id=6336, stack(0x000000523ae00000,0x000000523af00000)]
  0x000001567f9fbb10 JavaThread "Monitor Ctrl-Break" daemon [_thread_in_native, id=4584, stack(0x000000523af00000,0x000000523b000000)]
  0x000001567f8bfd10 JavaThread "Notification Thread" daemon [_thread_blocked, id=15436, stack(0x000000523b000000,0x000000523b100000)]
=>0x0000015647349ef0 JavaThread "C2 CompilerThread1" daemon [_thread_in_native, id=18360, stack(0x000000523b200000,0x000000523b300000)]

Other Threads:
  0x000001567f607cb0 VMThread "VM Thread" [stack: 0x000000523a400000,0x000000523a500000] [id=12528]
  0x000001567fa21470 WatcherThread [stack: 0x000000523b100000,0x000000523b200000] [id=17092]
  0x0000015663f263f0 GCTaskThread "GC Thread#0" [stack: 0x0000005239f00000,0x000000523a000000] [id=5620]
  0x00000156477fe670 GCTaskThread "GC Thread#1" [stack: 0x000000523b300000,0x000000523b400000] [id=15168]
  0x00000156477fe930 GCTaskThread "GC Thread#2" [stack: 0x000000523b400000,0x000000523b500000] [id=15252]
  0x00000156477976f0 GCTaskThread "GC Thread#3" [stack: 0x000000523b500000,0x000000523b600000] [id=7904]
  0x0000015663f36c00 ConcurrentGCThread "G1 Main Marker" [stack: 0x000000523a000000,0x000000523a100000] [id=13376]
  0x0000015663f37610 ConcurrentGCThread "G1 Conc#0" [stack: 0x000000523a100000,0x000000523a200000] [id=9380]
  0x000001567f4c00a0 ConcurrentGCThread "G1 Refine#0" [stack: 0x000000523a200000,0x000000523a300000] [id=16584]
  0x000001564733c5d0 ConcurrentGCThread "G1 Refine#1" [stack: 0x000000523b600000,0x000000523b700000] [id=17204]
  0x000001567f4c2900 ConcurrentGCThread "G1 Service" [stack: 0x000000523a300000,0x000000523a400000] [id=9424]

Threads with active compile tasks:
C2 CompilerThread1      932  672       4       java.util.jar.JarFile::getEntry (35 bytes)

VM state: not at safepoint (normal execution)

VM Mutex/Monitor currently owned by a thread:  ([mutex/lock_event])
[0x0000015663ec84d0] Module_lock - owner thread: 0x0000000000000000

Heap address: 0x0000000083a00000, size: 1990 MB, Compressed Oops mode: 32-bit

CDS archive(s) mapped at: [0x0000015602000000-0x0000015602bd0000-0x0000015602bd0000), size 12386304, SharedBaseAddress: 0x0000015602000000, ArchiveRelocationMode: 1.
Compressed class space mapped at: 0x0000015603000000-0x0000015643000000, reserved size: 1073741824
Narrow klass base: 0x0000015602000000, Narrow klass shift: 0, Narrow klass range: 0x100000000

GC Precious Log:
 CPUs: 4 total, 4 available
 Memory: 7959M
 Large Page Support: Disabled
 NUMA Support: Disabled
 Compressed Oops: Enabled (32-bit)
 Heap Region Size: 1M
 Heap Min Capacity: 8M
 Heap Initial Capacity: 126M
 Heap Max Capacity: 1990M
 Pre-touch: Disabled
 Parallel Workers: 4
 Concurrent Workers: 1
 Concurrent Refinement Workers: 4
 Periodic GC: Disabled

Heap:
 garbage-first heap   total 129024K, used 9356K [0x0000000083a00000, 0x0000000100000000)
  region size 1024K, 4 young (4096K), 2 survivors (2048K)
 Metaspace       used 3515K, committed 3648K, reserved 1114112K
  class space    used 347K, committed 384K, reserved 1048576K

Heap Regions: E=young(eden), S=young(survivor), O=old, HS=humongous(starts), HC=humongous(continues), CS=collection set, F=free, OA=open archive, CA=closed archive, TAMS=top-at-mark-start (previous, next)
|   0|0x0000000083a00000, 0x0000000083b00000, 0x0000000083b00000|100%|HS|  |TAMS 0x0000000083a00000, 0x0000000083a00000| Complete 
|   1|0x0000000083b00000, 0x0000000083c00000, 0x0000000083c00000|100%|HS|  |TAMS 0x0000000083b00000, 0x0000000083b00000| Complete 
|   2|0x0000000083c00000, 0x0000000083d00000, 0x0000000083d00000|100%| O|  |TAMS 0x0000000083c00000, 0x0000000083c00000| Untracked 
|   3|0x0000000083d00000, 0x0000000083e00000, 0x0000000083e00000|100%| O|  |TAMS 0x0000000083d00000, 0x0000000083d00000| Untracked 
|   4|0x0000000083e00000, 0x0000000083f00000, 0x0000000083f00000|100%| O|  |TAMS 0x0000000083e00000, 0x0000000083e00000| Untracked 
|   5|0x0000000083f00000, 0x0000000084000000, 0x0000000084000000|100%| O|  |TAMS 0x0000000083f00000, 0x0000000083f00000| Untracked 
|   6|0x0000000084000000, 0x0000000084023000, 0x0000000084100000| 13%| O|  |TAMS 0x0000000084000000, 0x0000000084000000| Untracked 
|   7|0x0000000084100000, 0x0000000084100000, 0x0000000084200000|  0%| F|  |TAMS 0x0000000084100000, 0x0000000084100000| Untracked 
|   8|0x0000000084200000, 0x0000000084200000, 0x0000000084300000|  0%| F|  |TAMS 0x0000000084200000, 0x0000000084200000| Untracked 
|   9|0x0000000084300000, 0x0000000084300000, 0x0000000084400000|  0%| F|  |TAMS 0x0000000084300000, 0x0000000084300000| Untracked 
|  10|0x0000000084400000, 0x0000000084400000, 0x0000000084500000|  0%| F|  |TAMS 0x0000000084400000, 0x0000000084400000| Untracked 
|  11|0x0000000084500000, 0x0000000084500000, 0x0000000084600000|  0%| F|  |TAMS 0x0000000084500000, 0x0000000084500000| Untracked 
|  12|0x0000000084600000, 0x0000000084600000, 0x0000000084700000|  0%| F|  |TAMS 0x0000000084600000, 0x0000000084600000| Untracked 
|  13|0x0000000084700000, 0x0000000084700000, 0x0000000084800000|  0%| F|  |TAMS 0x0000000084700000, 0x0000000084700000| Untracked 
|  14|0x0000000084800000, 0x0000000084800000, 0x0000000084900000|  0%| F|  |TAMS 0x0000000084800000, 0x0000000084800000| Untracked 
|  15|0x0000000084900000, 0x0000000084900000, 0x0000000084a00000|  0%| F|  |TAMS 0x0000000084900000, 0x0000000084900000| Untracked 
|  16|0x0000000084a00000, 0x0000000084a00000, 0x0000000084b00000|  0%| F|  |TAMS 0x0000000084a00000, 0x0000000084a00000| Untracked 
|  17|0x0000000084b00000, 0x0000000084b00000, 0x0000000084c00000|  0%| F|  |TAMS 0x0000000084b00000, 0x0000000084b00000| Untracked 
|  18|0x0000000084c00000, 0x0000000084c00000, 0x0000000084d00000|  0%| F|  |TAMS 0x0000000084c00000, 0x0000000084c00000| Untracked 
|  19|0x0000000084d00000, 0x0000000084d00000, 0x0000000084e00000|  0%| F|  |TAMS 0x0000000084d00000, 0x0000000084d00000| Untracked 
|  20|0x0000000084e00000, 0x0000000084e00000, 0x0000000084f00000|  0%| F|  |TAMS 0x0000000084e00000, 0x0000000084e00000| Untracked 
|  21|0x0000000084f00000, 0x0000000084f00000, 0x0000000085000000|  0%| F|  |TAMS 0x0000000084f00000, 0x0000000084f00000| Untracked 
|  22|0x0000000085000000, 0x0000000085000000, 0x0000000085100000|  0%| F|  |TAMS 0x0000000085000000, 0x0000000085000000| Untracked 
|  23|0x0000000085100000, 0x0000000085100000, 0x0000000085200000|  0%| F|  |TAMS 0x0000000085100000, 0x0000000085100000| Untracked 
|  24|0x0000000085200000, 0x0000000085200000, 0x0000000085300000|  0%| F|  |TAMS 0x0000000085200000, 0x0000000085200000| Untracked 
|  25|0x0000000085300000, 0x0000000085300000, 0x0000000085400000|  0%| F|  |TAMS 0x0000000085300000, 0x0000000085300000| Untracked 
|  26|0x0000000085400000, 0x0000000085400000, 0x0000000085500000|  0%| F|  |TAMS 0x0000000085400000, 0x0000000085400000| Untracked 
|  27|0x0000000085500000, 0x0000000085500000, 0x0000000085600000|  0%| F|  |TAMS 0x0000000085500000, 0x0000000085500000| Untracked 
|  28|0x0000000085600000, 0x0000000085600000, 0x0000000085700000|  0%| F|  |TAMS 0x0000000085600000, 0x0000000085600000| Untracked 
|  29|0x0000000085700000, 0x0000000085700000, 0x0000000085800000|  0%| F|  |TAMS 0x0000000085700000, 0x0000000085700000| Untracked 
|  30|0x0000000085800000, 0x0000000085800000, 0x0000000085900000|  0%| F|  |TAMS 0x0000000085800000, 0x0000000085800000| Untracked 
|  31|0x0000000085900000, 0x0000000085900000, 0x0000000085a00000|  0%| F|  |TAMS 0x0000000085900000, 0x0000000085900000| Untracked 
|  32|0x0000000085a00000, 0x0000000085a00000, 0x0000000085b00000|  0%| F|  |TAMS 0x0000000085a00000, 0x0000000085a00000| Untracked 
|  33|0x0000000085b00000, 0x0000000085b00000, 0x0000000085c00000|  0%| F|  |TAMS 0x0000000085b00000, 0x0000000085b00000| Untracked 
|  34|0x0000000085c00000, 0x0000000085c00000, 0x0000000085d00000|  0%| F|  |TAMS 0x0000000085c00000, 0x0000000085c00000| Untracked 
|  35|0x0000000085d00000, 0x0000000085d00000, 0x0000000085e00000|  0%| F|  |TAMS 0x0000000085d00000, 0x0000000085d00000| Untracked 
|  36|0x0000000085e00000, 0x0000000085e00000, 0x0000000085f00000|  0%| F|  |TAMS 0x0000000085e00000, 0x0000000085e00000| Untracked 
|  37|0x0000000085f00000, 0x0000000085f00000, 0x0000000086000000|  0%| F|  |TAMS 0x0000000085f00000, 0x0000000085f00000| Untracked 
|  38|0x0000000086000000, 0x0000000086000000, 0x0000000086100000|  0%| F|  |TAMS 0x0000000086000000, 0x0000000086000000| Untracked 
|  39|0x0000000086100000, 0x0000000086100000, 0x0000000086200000|  0%| F|  |TAMS 0x0000000086100000, 0x0000000086100000| Untracked 
|  40|0x0000000086200000, 0x0000000086200000, 0x0000000086300000|  0%| F|  |TAMS 0x0000000086200000, 0x0000000086200000| Untracked 
|  41|0x0000000086300000, 0x0000000086300000, 0x0000000086400000|  0%| F|  |TAMS 0x0000000086300000, 0x0000000086300000| Untracked 
|  42|0x0000000086400000, 0x0000000086400000, 0x0000000086500000|  0%| F|  |TAMS 0x0000000086400000, 0x0000000086400000| Untracked 
|  43|0x0000000086500000, 0x0000000086500000, 0x0000000086600000|  0%| F|  |TAMS 0x0000000086500000, 0x0000000086500000| Untracked 
|  44|0x0000000086600000, 0x0000000086600000, 0x0000000086700000|  0%| F|  |TAMS 0x0000000086600000, 0x0000000086600000| Untracked 
|  45|0x0000000086700000, 0x0000000086700000, 0x0000000086800000|  0%| F|  |TAMS 0x0000000086700000, 0x0000000086700000| Untracked 
|  46|0x0000000086800000, 0x0000000086800000, 0x0000000086900000|  0%| F|  |TAMS 0x0000000086800000, 0x0000000086800000| Untracked 
|  47|0x0000000086900000, 0x0000000086900000, 0x0000000086a00000|  0%| F|  |TAMS 0x0000000086900000, 0x0000000086900000| Untracked 
|  48|0x0000000086a00000, 0x0000000086a00000, 0x0000000086b00000|  0%| F|  |TAMS 0x0000000086a00000, 0x0000000086a00000| Untracked 
|  49|0x0000000086b00000, 0x0000000086b00000, 0x0000000086c00000|  0%| F|  |TAMS 0x0000000086b00000, 0x0000000086b00000| Untracked 
|  50|0x0000000086c00000, 0x0000000086c00000, 0x0000000086d00000|  0%| F|  |TAMS 0x0000000086c00000, 0x0000000086c00000| Untracked 
|  51|0x0000000086d00000, 0x0000000086d00000, 0x0000000086e00000|  0%| F|  |TAMS 0x0000000086d00000, 0x0000000086d00000| Untracked 
|  52|0x0000000086e00000, 0x0000000086e00000, 0x0000000086f00000|  0%| F|  |TAMS 0x0000000086e00000, 0x0000000086e00000| Untracked 
|  53|0x0000000086f00000, 0x0000000086f00000, 0x0000000087000000|  0%| F|  |TAMS 0x0000000086f00000, 0x0000000086f00000| Untracked 
|  54|0x0000000087000000, 0x0000000087000000, 0x0000000087100000|  0%| F|  |TAMS 0x0000000087000000, 0x0000000087000000| Untracked 
|  55|0x0000000087100000, 0x0000000087100000, 0x0000000087200000|  0%| F|  |TAMS 0x0000000087100000, 0x0000000087100000| Untracked 
|  56|0x0000000087200000, 0x0000000087200000, 0x0000000087300000|  0%| F|  |TAMS 0x0000000087200000, 0x0000000087200000| Untracked 
|  57|0x0000000087300000, 0x0000000087300000, 0x0000000087400000|  0%| F|  |TAMS 0x0000000087300000, 0x0000000087300000| Untracked 
|  58|0x0000000087400000, 0x0000000087400000, 0x0000000087500000|  0%| F|  |TAMS 0x0000000087400000, 0x0000000087400000| Untracked 
|  59|0x0000000087500000, 0x0000000087500000, 0x0000000087600000|  0%| F|  |TAMS 0x0000000087500000, 0x0000000087500000| Untracked 
|  60|0x0000000087600000, 0x0000000087600000, 0x0000000087700000|  0%| F|  |TAMS 0x0000000087600000, 0x0000000087600000| Untracked 
|  61|0x0000000087700000, 0x0000000087700000, 0x0000000087800000|  0%| F|  |TAMS 0x0000000087700000, 0x0000000087700000| Untracked 
|  62|0x0000000087800000, 0x0000000087800000, 0x0000000087900000|  0%| F|  |TAMS 0x0000000087800000, 0x0000000087800000| Untracked 
|  63|0x0000000087900000, 0x0000000087900000, 0x0000000087a00000|  0%| F|  |TAMS 0x0000000087900000, 0x0000000087900000| Untracked 
|  64|0x0000000087a00000, 0x0000000087a00000, 0x0000000087b00000|  0%| F|  |TAMS 0x0000000087a00000, 0x0000000087a00000| Untracked 
|  65|0x0000000087b00000, 0x0000000087b00000, 0x0000000087c00000|  0%| F|  |TAMS 0x0000000087b00000, 0x0000000087b00000| Untracked 
|  66|0x0000000087c00000, 0x0000000087c00000, 0x0000000087d00000|  0%| F|  |TAMS 0x0000000087c00000, 0x0000000087c00000| Untracked 
|  67|0x0000000087d00000, 0x0000000087d00000, 0x0000000087e00000|  0%| F|  |TAMS 0x0000000087d00000, 0x0000000087d00000| Untracked 
|  68|0x0000000087e00000, 0x0000000087e00000, 0x0000000087f00000|  0%| F|  |TAMS 0x0000000087e00000, 0x0000000087e00000| Untracked 
|  69|0x0000000087f00000, 0x0000000087f00000, 0x0000000088000000|  0%| F|  |TAMS 0x0000000087f00000, 0x0000000087f00000| Untracked 
|  70|0x0000000088000000, 0x0000000088000000, 0x0000000088100000|  0%| F|  |TAMS 0x0000000088000000, 0x0000000088000000| Untracked 
|  71|0x0000000088100000, 0x0000000088100000, 0x0000000088200000|  0%| F|  |TAMS 0x0000000088100000, 0x0000000088100000| Untracked 
|  72|0x0000000088200000, 0x0000000088200000, 0x0000000088300000|  0%| F|  |TAMS 0x0000000088200000, 0x0000000088200000| Untracked 
|  73|0x0000000088300000, 0x0000000088300000, 0x0000000088400000|  0%| F|  |TAMS 0x0000000088300000, 0x0000000088300000| Untracked 
|  74|0x0000000088400000, 0x0000000088400000, 0x0000000088500000|  0%| F|  |TAMS 0x0000000088400000, 0x0000000088400000| Untracked 
|  75|0x0000000088500000, 0x0000000088500000, 0x0000000088600000|  0%| F|  |TAMS 0x0000000088500000, 0x0000000088500000| Untracked 
|  76|0x0000000088600000, 0x0000000088600000, 0x0000000088700000|  0%| F|  |TAMS 0x0000000088600000, 0x0000000088600000| Untracked 
|  77|0x0000000088700000, 0x0000000088700000, 0x0000000088800000|  0%| F|  |TAMS 0x0000000088700000, 0x0000000088700000| Untracked 
|  78|0x0000000088800000, 0x0000000088800000, 0x0000000088900000|  0%| F|  |TAMS 0x0000000088800000, 0x0000000088800000| Untracked 
|  79|0x0000000088900000, 0x0000000088900000, 0x0000000088a00000|  0%| F|  |TAMS 0x0000000088900000, 0x0000000088900000| Untracked 
|  80|0x0000000088a00000, 0x0000000088a00000, 0x0000000088b00000|  0%| F|  |TAMS 0x0000000088a00000, 0x0000000088a00000| Untracked 
|  81|0x0000000088b00000, 0x0000000088b00000, 0x0000000088c00000|  0%| F|  |TAMS 0x0000000088b00000, 0x0000000088b00000| Untracked 
|  82|0x0000000088c00000, 0x0000000088c00000, 0x0000000088d00000|  0%| F|  |TAMS 0x0000000088c00000, 0x0000000088c00000| Untracked 
|  83|0x0000000088d00000, 0x0000000088d00000, 0x0000000088e00000|  0%| F|  |TAMS 0x0000000088d00000, 0x0000000088d00000| Untracked 
|  84|0x0000000088e00000, 0x0000000088e00000, 0x0000000088f00000|  0%| F|  |TAMS 0x0000000088e00000, 0x0000000088e00000| Untracked 
|  85|0x0000000088f00000, 0x0000000088f00000, 0x0000000089000000|  0%| F|  |TAMS 0x0000000088f00000, 0x0000000088f00000| Untracked 
|  86|0x0000000089000000, 0x0000000089000000, 0x0000000089100000|  0%| F|  |TAMS 0x0000000089000000, 0x0000000089000000| Untracked 
|  87|0x0000000089100000, 0x0000000089100000, 0x0000000089200000|  0%| F|  |TAMS 0x0000000089100000, 0x0000000089100000| Untracked 
|  88|0x0000000089200000, 0x0000000089200000, 0x0000000089300000|  0%| F|  |TAMS 0x0000000089200000, 0x0000000089200000| Untracked 
|  89|0x0000000089300000, 0x0000000089300000, 0x0000000089400000|  0%| F|  |TAMS 0x0000000089300000, 0x0000000089300000| Untracked 
|  90|0x0000000089400000, 0x0000000089400000, 0x0000000089500000|  0%| F|  |TAMS 0x0000000089400000, 0x0000000089400000| Untracked 
|  91|0x0000000089500000, 0x0000000089500000, 0x0000000089600000|  0%| F|  |TAMS 0x0000000089500000, 0x0000000089500000| Untracked 
|  92|0x0000000089600000, 0x0000000089600000, 0x0000000089700000|  0%| F|  |TAMS 0x0000000089600000, 0x0000000089600000| Untracked 
|  93|0x0000000089700000, 0x0000000089700000, 0x0000000089800000|  0%| F|  |TAMS 0x0000000089700000, 0x0000000089700000| Untracked 
|  94|0x0000000089800000, 0x0000000089800000, 0x0000000089900000|  0%| F|  |TAMS 0x0000000089800000, 0x0000000089800000| Untracked 
|  95|0x0000000089900000, 0x0000000089900000, 0x0000000089a00000|  0%| F|  |TAMS 0x0000000089900000, 0x0000000089900000| Untracked 
|  96|0x0000000089a00000, 0x0000000089a00000, 0x0000000089b00000|  0%| F|  |TAMS 0x0000000089a00000, 0x0000000089a00000| Untracked 
|  97|0x0000000089b00000, 0x0000000089b00000, 0x0000000089c00000|  0%| F|  |TAMS 0x0000000089b00000, 0x0000000089b00000| Untracked 
|  98|0x0000000089c00000, 0x0000000089c00000, 0x0000000089d00000|  0%| F|  |TAMS 0x0000000089c00000, 0x0000000089c00000| Untracked 
|  99|0x0000000089d00000, 0x0000000089d00000, 0x0000000089e00000|  0%| F|  |TAMS 0x0000000089d00000, 0x0000000089d00000| Untracked 
| 100|0x0000000089e00000, 0x0000000089e00000, 0x0000000089f00000|  0%| F|  |TAMS 0x0000000089e00000, 0x0000000089e00000| Untracked 
| 101|0x0000000089f00000, 0x0000000089f00000, 0x000000008a000000|  0%| F|  |TAMS 0x0000000089f00000, 0x0000000089f00000| Untracked 
| 102|0x000000008a000000, 0x000000008a000000, 0x000000008a100000|  0%| F|  |TAMS 0x000000008a000000, 0x000000008a000000| Untracked 
| 103|0x000000008a100000, 0x000000008a100000, 0x000000008a200000|  0%| F|  |TAMS 0x000000008a100000, 0x000000008a100000| Untracked 
| 104|0x000000008a200000, 0x000000008a200000, 0x000000008a300000|  0%| F|  |TAMS 0x000000008a200000, 0x000000008a200000| Untracked 
| 105|0x000000008a300000, 0x000000008a300000, 0x000000008a400000|  0%| F|  |TAMS 0x000000008a300000, 0x000000008a300000| Untracked 
| 106|0x000000008a400000, 0x000000008a400000, 0x000000008a500000|  0%| F|  |TAMS 0x000000008a400000, 0x000000008a400000| Untracked 
| 107|0x000000008a500000, 0x000000008a500000, 0x000000008a600000|  0%| F|  |TAMS 0x000000008a500000, 0x000000008a500000| Untracked 
| 108|0x000000008a600000, 0x000000008a600000, 0x000000008a700000|  0%| F|  |TAMS 0x000000008a600000, 0x000000008a600000| Untracked 
| 109|0x000000008a700000, 0x000000008a700000, 0x000000008a800000|  0%| F|  |TAMS 0x000000008a700000, 0x000000008a700000| Untracked 
| 110|0x000000008a800000, 0x000000008a800000, 0x000000008a900000|  0%| F|  |TAMS 0x000000008a800000, 0x000000008a800000| Untracked 
| 111|0x000000008a900000, 0x000000008aa00000, 0x000000008aa00000|100%| S|CS|TAMS 0x000000008a900000, 0x000000008a900000| Complete 
| 112|0x000000008aa00000, 0x000000008ab00000, 0x000000008ab00000|100%| S|CS|TAMS 0x000000008aa00000, 0x000000008aa00000| Complete 
| 113|0x000000008ab00000, 0x000000008ab00000, 0x000000008ac00000|  0%| F|  |TAMS 0x000000008ab00000, 0x000000008ab00000| Untracked 
| 114|0x000000008ac00000, 0x000000008ac00000, 0x000000008ad00000|  0%| F|  |TAMS 0x000000008ac00000, 0x000000008ac00000| Untracked 
| 115|0x000000008ad00000, 0x000000008ad00000, 0x000000008ae00000|  0%| F|  |TAMS 0x000000008ad00000, 0x000000008ad00000| Untracked 
| 116|0x000000008ae00000, 0x000000008ae00000, 0x000000008af00000|  0%| F|  |TAMS 0x000000008ae00000, 0x000000008ae00000| Untracked 
| 117|0x000000008af00000, 0x000000008af00000, 0x000000008b000000|  0%| F|  |TAMS 0x000000008af00000, 0x000000008af00000| Untracked 
| 118|0x000000008b000000, 0x000000008b000000, 0x000000008b100000|  0%| F|  |TAMS 0x000000008b000000, 0x000000008b000000| Untracked 
| 119|0x000000008b100000, 0x000000008b100000, 0x000000008b200000|  0%| F|  |TAMS 0x000000008b100000, 0x000000008b100000| Untracked 
| 120|0x000000008b200000, 0x000000008b200000, 0x000000008b300000|  0%| F|  |TAMS 0x000000008b200000, 0x000000008b200000| Untracked 
| 121|0x000000008b300000, 0x000000008b300000, 0x000000008b400000|  0%| F|  |TAMS 0x000000008b300000, 0x000000008b300000| Untracked 
| 122|0x000000008b400000, 0x000000008b400000, 0x000000008b500000|  0%| F|  |TAMS 0x000000008b400000, 0x000000008b400000| Untracked 
| 123|0x000000008b500000, 0x000000008b500000, 0x000000008b600000|  0%| F|  |TAMS 0x000000008b500000, 0x000000008b500000| Untracked 
| 124|0x000000008b600000, 0x000000008b6aa3e0, 0x000000008b700000| 66%| E|  |TAMS 0x000000008b600000, 0x000000008b600000| Complete 
| 125|0x000000008b700000, 0x000000008b800000, 0x000000008b800000|100%| E|CS|TAMS 0x000000008b700000, 0x000000008b700000| Complete 

Card table byte_map: [0x000001567ab50000,0x000001567af40000] _byte_map_base: 0x000001567a733000

Marking Bits (Prev, Next): (CMBitMap*) 0x0000015663f26a10, (CMBitMap*) 0x0000015663f26a50
 Prev Bits: [0x000001567b330000, 0x000001567d248000)
 Next Bits: [0x000001567d250000, 0x000001567f168000)

Polling page: 0x0000015661ed0000

Metaspace:

Usage:
  Non-class:      3.14 MB used.
      Class:    358.61 KB used.
       Both:      3.49 MB used.

Virtual space:
  Non-class space:       64.00 MB reserved,       3.25 MB (  5%) committed,  1 nodes.
      Class space:        1.00 GB reserved,     384.00 KB ( <1%) committed,  1 nodes.
             Both:        1.06 GB reserved,       3.62 MB ( <1%) committed. 

Chunk freelists:
   Non-Class:  10.73 MB
       Class:  15.56 MB
        Both:  26.30 MB

MaxMetaspaceSize: unlimited
CompressedClassSpaceSize: 1.00 GB
Initial GC threshold: 21.00 MB
Current GC threshold: 21.00 MB
CDS: on
MetaspaceReclaimPolicy: balanced
 - commit_granule_bytes: 65536.
 - commit_granule_words: 8192.
 - virtual_space_node_default_size: 8388608.
 - enlarge_chunks_in_place: 1.
 - new_chunks_are_fully_committed: 0.
 - uncommit_free_chunks: 1.
 - use_allocation_guard: 0.
 - handle_deallocations: 1.


Internal statistics:

num_allocs_failed_limit: 0.
num_arena_births: 24.
num_arena_deaths: 0.
num_vsnodes_births: 2.
num_vsnodes_deaths: 0.
num_space_committed: 58.
num_space_uncommitted: 0.
num_chunks_returned_to_freelist: 0.
num_chunks_taken_from_freelist: 95.
num_chunk_merges: 0.
num_chunk_splits: 63.
num_chunks_enlarged: 50.
num_inconsistent_stats: 0.

CodeHeap 'non-profiled nmethods': size=120000Kb used=279Kb max_used=279Kb free=119720Kb
 bounds [0x0000015673230000, 0x00000156734a0000, 0x000001567a760000]
CodeHeap 'profiled nmethods': size=120000Kb used=1527Kb max_used=1527Kb free=118472Kb
 bounds [0x000001566b760000, 0x000001566b9d0000, 0x0000015672c90000]
CodeHeap 'non-nmethods': size=5760Kb used=1153Kb max_used=1172Kb free=4606Kb
 bounds [0x0000015672c90000, 0x0000015672f00000, 0x0000015673230000]
 total_blobs=1218 nmethods=790 adapters=341
 compilation: enabled
              stopped_count=0, restarted_count=0
 full_count=0

Compilation events (20 events):
Event: 0.893 Thread 0x000001567f6782c0 nmethod 752 0x000001566b8bd090 code [0x000001566b8bd240, 0x000001566b8bd478]
Event: 0.894 Thread 0x000001567f6782c0  753       3       java.lang.invoke.MemberName::isStatic (8 bytes)
Event: 0.894 Thread 0x000001567f6782c0 nmethod 753 0x000001566b8bd590 code [0x000001566b8bd720, 0x000001566b8bd8f8]
Event: 0.895 Thread 0x000001567f6782c0  754       3       java.lang.invoke.LambdaForm$BasicType::basicType (19 bytes)
Event: 0.895 Thread 0x000001567f6782c0 nmethod 754 0x000001566b8bd990 code [0x000001566b8bdb60, 0x000001566b8bddb8]
Event: 0.897 Thread 0x000001567f6782c0  755       3       jdk.internal.org.objectweb.asm.SymbolTable::addConstantClass (8 bytes)
Event: 0.897 Thread 0x000001567f6782c0 nmethod 755 0x000001566b8bdf10 code [0x000001566b8be0a0, 0x000001566b8be1e8]
Event: 0.897 Thread 0x000001567f6782c0  756       3       jdk.internal.org.objectweb.asm.SymbolTable::addConstantUtf8Reference (101 bytes)
Event: 0.898 Thread 0x000001567f6782c0 nmethod 756 0x000001566b8be290 code [0x000001566b8be4a0, 0x000001566b8bea98]
Event: 0.898 Thread 0x000001567f6782c0  757       3       jdk.internal.org.objectweb.asm.Frame::execute (2305 bytes)
Event: 0.902 Thread 0x000001567f627570  762       4       java.lang.StringLatin1::inflate (34 bytes)
Event: 0.903 Thread 0x000001567f6782c0 nmethod 757 0x000001566b8bed90 code [0x000001566b8bfcc0, 0x000001566b8c66d8]
Event: 0.903 Thread 0x000001567f6782c0  758       3       jdk.internal.org.objectweb.asm.Frame::push (109 bytes)
Event: 0.903 Thread 0x000001567f6782c0 nmethod 758 0x000001566b8c8290 code [0x000001566b8c8460, 0x000001566b8c89e8]
Event: 0.903 Thread 0x000001567f6782c0  761       1       java.lang.reflect.Method::getName (5 bytes)
Event: 0.903 Thread 0x000001567f6782c0 nmethod 761 0x0000015673274a90 code [0x0000015673274c20, 0x0000015673274cf8]
Event: 0.903 Thread 0x000001567f6782c0  760       1       jdk.internal.org.objectweb.asm.SymbolTable::getMajorVersion (5 bytes)
Event: 0.903 Thread 0x000001567f6782c0 nmethod 760 0x0000015673274d90 code [0x0000015673274f20, 0x0000015673274ff8]
Event: 0.903 Thread 0x000001567f6782c0  759       3       java.lang.Module::isNamed (13 bytes)
Event: 0.904 Thread 0x000001567f6782c0 nmethod 759 0x000001566b8c8b90 code [0x000001566b8c8d20, 0x000001566b8c8e98]

GC Heap History (2 events):
Event: 0.855 GC heap before
{Heap before GC invocations=0 (full 0):
 garbage-first heap   total 129024K, used 14335K [0x0000000083a00000, 0x0000000100000000)
  region size 1024K, 13 young (13312K), 0 survivors (0K)
 Metaspace       used 2928K, committed 3136K, reserved 1114112K
  class space    used 280K, committed 384K, reserved 1048576K
}
Event: 0.860 GC heap after
{Heap after GC invocations=1 (full 0):
 garbage-first heap   total 129024K, used 8332K [0x0000000083a00000, 0x0000000100000000)
  region size 1024K, 2 young (2048K), 2 survivors (2048K)
 Metaspace       used 2928K, committed 3136K, reserved 1114112K
  class space    used 280K, committed 384K, reserved 1048576K
}

Deoptimization events (20 events):
Event: 0.768 Thread 0x0000015663ecb7a0 DEOPT PACKING pc=0x00000156732624dc sp=0x0000005239efe910
Event: 0.768 Thread 0x0000015663ecb7a0 DEOPT UNPACKING pc=0x0000015672ce5ba3 sp=0x0000005239efe878 mode 2
Event: 0.780 Thread 0x0000015663ecb7a0 Uncommon trap: trap_request=0xffffffde fr.pc=0x000001567325c928 relative=0x0000000000000368
Event: 0.780 Thread 0x0000015663ecb7a0 Uncommon trap: reason=class_check action=maybe_recompile pc=0x000001567325c928 method=java.util.HashMap.getNode(Ljava/lang/Object;)Ljava/util/HashMap$Node; @ 63 c2
Event: 0.780 Thread 0x0000015663ecb7a0 DEOPT PACKING pc=0x000001567325c928 sp=0x0000005239efe510
Event: 0.780 Thread 0x0000015663ecb7a0 DEOPT UNPACKING pc=0x0000015672ce5ba3 sp=0x0000005239efe488 mode 2
Event: 0.781 Thread 0x0000015663ecb7a0 Uncommon trap: trap_request=0xffffffde fr.pc=0x000001567325c928 relative=0x0000000000000368
Event: 0.781 Thread 0x0000015663ecb7a0 Uncommon trap: reason=class_check action=maybe_recompile pc=0x000001567325c928 method=java.util.HashMap.getNode(Ljava/lang/Object;)Ljava/util/HashMap$Node; @ 63 c2
Event: 0.781 Thread 0x0000015663ecb7a0 DEOPT PACKING pc=0x000001567325c928 sp=0x0000005239efe510
Event: 0.781 Thread 0x0000015663ecb7a0 DEOPT UNPACKING pc=0x0000015672ce5ba3 sp=0x0000005239efe488 mode 2
Event: 0.782 Thread 0x0000015663ecb7a0 Uncommon trap: trap_request=0xffffffde fr.pc=0x000001567325c978 relative=0x00000000000003b8
Event: 0.782 Thread 0x0000015663ecb7a0 Uncommon trap: reason=class_check action=maybe_recompile pc=0x000001567325c978 method=java.util.HashMap.getNode(Ljava/lang/Object;)Ljava/util/HashMap$Node; @ 128 c2
Event: 0.782 Thread 0x0000015663ecb7a0 DEOPT PACKING pc=0x000001567325c978 sp=0x0000005239efe510
Event: 0.782 Thread 0x0000015663ecb7a0 DEOPT UNPACKING pc=0x0000015672ce5ba3 sp=0x0000005239efe488 mode 2
Event: 0.784 Thread 0x0000015663ecb7a0 Uncommon trap: trap_request=0xffffffde fr.pc=0x000001567325c928 relative=0x0000000000000368
Event: 0.784 Thread 0x0000015663ecb7a0 Uncommon trap: reason=class_check action=maybe_recompile pc=0x000001567325c928 method=java.util.HashMap.getNode(Ljava/lang/Object;)Ljava/util/HashMap$Node; @ 63 c2
Event: 0.784 Thread 0x0000015663ecb7a0 DEOPT PACKING pc=0x000001567325c928 sp=0x0000005239efe510
Event: 0.784 Thread 0x0000015663ecb7a0 DEOPT UNPACKING pc=0x0000015672ce5ba3 sp=0x0000005239efe488 mode 2
Event: 0.902 Thread 0x0000015663ecb7a0 DEOPT PACKING pc=0x000001566b79d93e sp=0x0000005239efba30
Event: 0.902 Thread 0x0000015663ecb7a0 DEOPT UNPACKING pc=0x0000015672ce66e3 sp=0x0000005239efaea8 mode 0

Classes unloaded (0 events):
No events

Classes redefined (0 events):
No events

Internal exceptions (6 events):
Event: 0.518 Thread 0x000001567f9fbb10 Exception <a 'java/lang/NoSuchMethodError'{0x000000008b1bfef0}: 'java.lang.Object java.lang.invoke.DirectMethodHandle$Holder.invokeStaticInit(java.lang.Object)'> (0x000000008b1bfef0) 
thrown [s\open\src\hotspot\share\interpreter\linkResolver.cpp, line 759]
Event: 0.527 Thread 0x000001567f9fbb10 Exception <a 'java/lang/NoSuchMethodError'{0x000000008b1cdc00}: 'void java.lang.invoke.DirectMethodHandle$Holder.invokeStatic(java.lang.Object, java.lang.Object)'> (0x000000008b1cdc00) 
thrown [s\open\src\hotspot\share\interpreter\linkResolver.cpp, line 759]
Event: 0.607 Thread 0x0000015663ecb7a0 Exception <a 'java/lang/ClassNotFoundException'{0x000000008af83a08}: javax/smartcardio/CardPermission> (0x000000008af83a08) 
thrown [s\open\src\hotspot\share\classfile\systemDictionary.cpp, line 256]
Event: 0.611 Thread 0x0000015663ecb7a0 Exception <a 'java/io/FileNotFoundException'{0x000000008afd4af0}> (0x000000008afd4af0) 
thrown [s\open\src\hotspot\share\prims\jni.cpp, line 516]
Event: 0.795 Thread 0x0000015663ecb7a0 Exception <a 'java/lang/NoSuchMethodError'{0x000000008ab1f9c0}: 'java.lang.Object java.lang.invoke.DirectMethodHandle$Holder.invokeSpecialIFC(java.lang.Object, java.lang.Object, java.lang.Object, java.lang.Object)'> (0x000000008ab1f9c0) 
thrown [s\open\src\hotspot\share\interpreter\linkResolver.cpp, line 759]
Event: 0.842 Thread 0x0000015663ecb7a0 Exception <a 'java/lang/NoSuchMethodError'{0x000000008abd2af8}: 'int java.lang.invoke.DirectMethodHandle$Holder.invokeStaticInit(java.lang.Object, java.lang.Object)'> (0x000000008abd2af8) 
thrown [s\open\src\hotspot\share\interpreter\linkResolver.cpp, line 759]

VM Operations (8 events):
Event: 0.260 Executing VM operation: HandshakeAllThreads
Event: 0.260 Executing VM operation: HandshakeAllThreads done
Event: 0.515 Executing VM operation: HandshakeAllThreads
Event: 0.515 Executing VM operation: HandshakeAllThreads done
Event: 0.767 Executing VM operation: HandshakeAllThreads
Event: 0.767 Executing VM operation: HandshakeAllThreads done
Event: 0.855 Executing VM operation: G1CollectForAllocation
Event: 0.860 Executing VM operation: G1CollectForAllocation done

Events (20 events):
Event: 0.888 loading class java/util/LinkedHashMap$LinkedValueIterator
Event: 0.888 loading class java/util/LinkedHashMap$LinkedValueIterator done
Event: 0.890 loading class java/lang/WeakPairMap$Pair$Weak
Event: 0.890 loading class java/lang/WeakPairMap$WeakRefPeer
Event: 0.890 loading class java/lang/WeakPairMap$WeakRefPeer done
Event: 0.890 loading class java/lang/WeakPairMap$Pair$Weak done
Event: 0.890 loading class java/lang/WeakPairMap$Pair$Weak$1
Event: 0.890 loading class java/lang/WeakPairMap$Pair$Weak$1 done
Event: 0.893 loading class java/lang/reflect/ProxyGenerator
Event: 0.893 loading class java/lang/reflect/ProxyGenerator done
Event: 0.893 loading class java/lang/reflect/ProxyGenerator$ProxyMethod
Event: 0.894 loading class java/lang/reflect/ProxyGenerator$ProxyMethod done
Event: 0.896 loading class java/lang/reflect/ProxyGenerator$PrimitiveTypeInfo
Event: 0.896 loading class java/lang/reflect/ProxyGenerator$PrimitiveTypeInfo done
Event: 0.896 loading class jdk/internal/org/objectweb/asm/Edge
Event: 0.896 loading class jdk/internal/org/objectweb/asm/Edge done
Event: 0.898 loading class java/lang/reflect/Proxy$ProxyBuilder$1
Event: 0.898 loading class java/lang/reflect/Proxy$ProxyBuilder$1 done
Event: 0.899 loading class java/lang/annotation/Target
Event: 0.899 loading class java/lang/annotation/Target done


Dynamic libraries:
0x00007ff645740000 - 0x00007ff645750000 	C:\Program Files\Java\jdk-17.0.9\bin\java.exe
0x00007ffa304f0000 - 0x00007ffa30706000 	C:\WINDOWS\SYSTEM32\ntdll.dll
0x00007ffa2ecb0000 - 0x00007ffa2ed74000 	C:\WINDOWS\System32\KERNEL32.DLL
0x00007ffa2dca0000 - 0x00007ffa2e046000 	C:\WINDOWS\System32\KERNELBASE.dll
0x00007ffa2d830000 - 0x00007ffa2d941000 	C:\WINDOWS\System32\ucrtbase.dll
0x00007ffa28940000 - 0x00007ffa28959000 	C:\Program Files\Java\jdk-17.0.9\bin\jli.dll
0x00007ffa2e240000 - 0x00007ffa2e2f2000 	C:\WINDOWS\System32\ADVAPI32.dll
0x00007ffa28910000 - 0x00007ffa2892b000 	C:\Program Files\Java\jdk-17.0.9\bin\VCRUNTIME140.dll
0x00007ffa2e470000 - 0x00007ffa2e517000 	C:\WINDOWS\System32\msvcrt.dll
0x00007ffa2e3c0000 - 0x00007ffa2e468000 	C:\WINDOWS\System32\sechost.dll
0x00007ffa2e170000 - 0x00007ffa2e198000 	C:\WINDOWS\System32\bcrypt.dll
0x00007ffa2ee40000 - 0x00007ffa2ef55000 	C:\WINDOWS\System32\RPCRT4.dll
0x00007ffa2eb00000 - 0x00007ffa2ecad000 	C:\WINDOWS\System32\USER32.dll
0x00007ffa2dc70000 - 0x00007ffa2dc96000 	C:\WINDOWS\System32\win32u.dll
0x00007ffa2e300000 - 0x00007ffa2e329000 	C:\WINDOWS\System32\GDI32.dll
0x00007ffa2e050000 - 0x00007ffa2e168000 	C:\WINDOWS\System32\gdi32full.dll
0x00007ffa2e1a0000 - 0x00007ffa2e23a000 	C:\WINDOWS\System32\msvcp_win.dll
0x00007ffa1a5d0000 - 0x00007ffa1a863000 	C:\WINDOWS\WinSxS\amd64_microsoft.windows.common-controls_6595b64144ccf1df_6.0.22621.3235_none_270f74e173860f98\COMCTL32.dll
0x00007ffa267d0000 - 0x00007ffa267da000 	C:\WINDOWS\SYSTEM32\VERSION.dll
0x00007ffa30450000 - 0x00007ffa30481000 	C:\WINDOWS\System32\IMM32.DLL
0x00007ffa29260000 - 0x00007ffa2926c000 	C:\Program Files\Java\jdk-17.0.9\bin\vcruntime140_1.dll
0x00007ffa16320000 - 0x00007ffa163ae000 	C:\Program Files\Java\jdk-17.0.9\bin\msvcp140.dll
0x00007ff9e2ff0000 - 0x00007ff9e3bd1000 	C:\Program Files\Java\jdk-17.0.9\bin\server\jvm.dll
0x00007ffa2e890000 - 0x00007ffa2e898000 	C:\WINDOWS\System32\PSAPI.DLL
0x00007ffa291e0000 - 0x00007ffa291e9000 	C:\WINDOWS\SYSTEM32\WSOCK32.dll
0x00007ffa2e810000 - 0x00007ffa2e881000 	C:\WINDOWS\System32\WS2_32.dll
0x00007ffa25c20000 - 0x00007ffa25c54000 	C:\WINDOWS\SYSTEM32\WINMM.dll
0x00007ffa2c830000 - 0x00007ffa2c848000 	C:\WINDOWS\SYSTEM32\kernel.appcore.dll
0x00007ffa28880000 - 0x00007ffa2888a000 	C:\Program Files\Java\jdk-17.0.9\bin\jimage.dll
0x00007ffa2b0c0000 - 0x00007ffa2b2f3000 	C:\WINDOWS\SYSTEM32\DBGHELP.DLL
0x00007ffa2f7e0000 - 0x00007ffa2fb68000 	C:\WINDOWS\System32\combase.dll
0x00007ffa2f450000 - 0x00007ffa2f527000 	C:\WINDOWS\System32\OLEAUT32.dll
0x00007ffa15790000 - 0x00007ffa157c2000 	C:\WINDOWS\SYSTEM32\dbgcore.DLL
0x00007ffa2dbf0000 - 0x00007ffa2dc6a000 	C:\WINDOWS\System32\bcryptPrimitives.dll
0x00007ffa28840000 - 0x00007ffa2884e000 	C:\Program Files\Java\jdk-17.0.9\bin\instrument.dll
0x00007ffa28810000 - 0x00007ffa28835000 	C:\Program Files\Java\jdk-17.0.9\bin\java.dll
0x00007ffa15300000 - 0x00007ffa153d7000 	C:\Program Files\Java\jdk-17.0.9\bin\jsvml.dll
0x00007ffa2fb70000 - 0x00007ffa303cd000 	C:\WINDOWS\System32\SHELL32.dll
0x00007ffa2b740000 - 0x00007ffa2c038000 	C:\WINDOWS\SYSTEM32\windows.storage.dll
0x00007ffa2b600000 - 0x00007ffa2b73e000 	C:\WINDOWS\SYSTEM32\wintypes.dll
0x00007ffa2f6d0000 - 0x00007ffa2f7c3000 	C:\WINDOWS\System32\SHCORE.dll
0x00007ffa2e740000 - 0x00007ffa2e79e000 	C:\WINDOWS\System32\shlwapi.dll
0x00007ffa2d760000 - 0x00007ffa2d786000 	C:\WINDOWS\SYSTEM32\profapi.dll
0x00007ffa28370000 - 0x00007ffa28388000 	C:\Program Files\Java\jdk-17.0.9\bin\zip.dll
0x00007ffa27700000 - 0x00007ffa27719000 	C:\Program Files\Java\jdk-17.0.9\bin\net.dll
0x00007ffa27a70000 - 0x00007ffa27ba7000 	C:\WINDOWS\SYSTEM32\WINHTTP.dll
0x00007ffa2cca0000 - 0x00007ffa2cd09000 	C:\WINDOWS\system32\mswsock.dll
0x00007ffa25d00000 - 0x00007ffa25d16000 	C:\Program Files\Java\jdk-17.0.9\bin\nio.dll
0x00007ffa25ce0000 - 0x00007ffa25cfa000 	C:\Program Files\JetBrains\IntelliJ IDEA Community Edition 2023.3.2\bin\breakgen64.dll
0x00007ffa1f120000 - 0x00007ffa1f130000 	C:\Program Files\Java\jdk-17.0.9\bin\verify.dll

dbghelp: loaded successfully - version: 4.0.5 - missing functions: none
symbol engine: initialized successfully - sym options: 0x614 - pdb path: .;C:\Program Files\Java\jdk-17.0.9\bin;C:\WINDOWS\SYSTEM32;C:\WINDOWS\WinSxS\amd64_microsoft.windows.common-controls_6595b64144ccf1df_6.0.22621.3235_none_270f74e173860f98;C:\Program Files\Java\jdk-17.0.9\bin\server;C:\Program Files\JetBrains\IntelliJ IDEA Community Edition 2023.3.2\bin

VM Arguments:
jvm_args: -javaagent:C:\Program Files\JetBrains\IntelliJ IDEA Community Edition 2023.3.2\lib\idea_rt.jar=52255:C:\Program Files\JetBrains\IntelliJ IDEA Community Edition 2023.3.2\bin -Dfile.encoding=UTF-8 
java_command: com.BusReservationApp.BusReservationAppApplication
java_class_path (initial): D:\BusBookingApp\BusReservationApp\target\classes;C:\Users\USER\.m2\repository\org\springframework\boot\spring-boot-starter-data-jpa\2.7.17\spring-boot-starter-data-jpa-2.7.17.jar;C:\Users\USER\.m2\repository\org\springframework\boot\spring-boot-starter-aop\2.7.17\spring-boot-starter-aop-2.7.17.jar;C:\Users\USER\.m2\repository\org\springframework\spring-aop\5.3.30\spring-aop-5.3.30.jar;C:\Users\USER\.m2\repository\org\aspectj\aspectjweaver\1.9.7\aspectjweaver-1.9.7.jar;C:\Users\USER\.m2\repository\org\springframework\boot\spring-boot-starter-jdbc\2.7.17\spring-boot-starter-jdbc-2.7.17.jar;C:\Users\USER\.m2\repository\com\zaxxer\HikariCP\4.0.3\HikariCP-4.0.3.jar;C:\Users\USER\.m2\repository\org\springframework\spring-jdbc\5.3.30\spring-jdbc-5.3.30.jar;C:\Users\USER\.m2\repository\jakarta\transaction\jakarta.transaction-api\1.3.3\jakarta.transaction-api-1.3.3.jar;C:\Users\USER\.m2\repository\jakarta\persistence\jakarta.persistence-api\2.2.3\jakarta.persistence-api-2.2.3.jar;C:\Users\USER\.m2\repository\org\hibernate\hibernate-core\5.6.15.Final\hibernate-core-5.6.15.Final.jar;C:\Users\USER\.m2\repository\org\jboss\logging\jboss-logging\3.4.3.Final\jboss-logging-3.4.3.Final.jar;C:\Users\USER\.m2\repository\net\bytebuddy\byte-buddy\1.12.23\byte-buddy-1.12.23.jar;C:\Users\USER\.m2\repository\antlr\antlr\2.7.7\antlr-2.7.7.jar;C:\Users\USER\.m2\repository\org\jboss\jandex\2.4.2.Final\jandex-2.4.2.Final.jar;C:\Users\USER\.m2\repository\com\fasterxml\classmate\1.5.1\classmate-1.5.1.jar;C:\Users\USER\.m2\repository\org\hibernate\common\hibernate-commons-annotations\5.1.2.Final\hibernate-commons-annotations-5.1.2.Final.jar;C:\Users\USER\.m2\repository\org\glassfish\jaxb\jaxb-runtime\2.3.8\jaxb-runtime-2.3.8.jar;C:\Users\USER\.m2\repository\org\glassfish\jaxb\txw2\2.3.8\txw2-2.3.8.jar;C:\Users\USER\.m2\repository\com\sun\istack\istack-commons-runtime\3.0.12\istack-commons-runtime-3.0.12.jar;C:\Users\USER\.m2\repository\org\springframework\data\spring
Launcher Type: SUN_STANDARD

[Global flags]
     intx CICompilerCount                          = 3                                         {product} {ergonomic}
     uint ConcGCThreads                            = 1                                         {product} {ergonomic}
     uint G1ConcRefinementThreads                  = 4                                         {product} {ergonomic}
   size_t G1HeapRegionSize                         = 1048576                                   {product} {ergonomic}
    uintx GCDrainStackTargetSize                   = 64                                        {product} {ergonomic}
   size_t InitialHeapSize                          = 132120576                                 {product} {ergonomic}
   size_t MarkStackSize                            = 4194304                                   {product} {ergonomic}
   size_t MaxHeapSize                              = 2086666240                                {product} {ergonomic}
   size_t MaxNewSize                               = 1251999744                                {product} {ergonomic}
   size_t MinHeapDeltaBytes                        = 1048576                                   {product} {ergonomic}
   size_t MinHeapSize                              = 8388608                                   {product} {ergonomic}
    uintx NonNMethodCodeHeapSize                   = 5832780                                {pd product} {ergonomic}
    uintx NonProfiledCodeHeapSize                  = 122912730                              {pd product} {ergonomic}
    uintx ProfiledCodeHeapSize                     = 122912730                              {pd product} {ergonomic}
    uintx ReservedCodeCacheSize                    = 251658240                              {pd product} {ergonomic}
     bool SegmentedCodeCache                       = true                                      {product} {ergonomic}
   size_t SoftMaxHeapSize                          = 2086666240                             {manageable} {ergonomic}
     bool UseCompressedClassPointers               = true                           {product lp64_product} {ergonomic}
     bool UseCompressedOops                        = true                           {product lp64_product} {ergonomic}
     bool UseG1GC                                  = true                                      {product} {ergonomic}
     bool UseLargePagesIndividualAllocation        = false                                  {pd product} {ergonomic}

Logging:
Log output configuration:
 #0: stdout all=warning uptime,level,tags
 #1: stderr all=off uptime,level,tags

Environment Variables:
PATH=C:\Program Files (x86)\Common Files\Oracle\Java\javapath;C:\WINDOWS\system32;C:\WINDOWS;C:\WINDOWS\System32\Wbem;C:\WINDOWS\System32\WindowsPowerShell\v1.0\;C:\WINDOWS\System32\OpenSSH\;C:\Program Files\MongoDB\mongosh-2.1.1-win32-x64\bin;C:\Program Files\Git\cmd;C:\Program Files\nodejs\;C:\Program Files\Docker\Docker\resources\bin;C:\Program Files\MySQL\MySQL Shell 8.0\bin\;C:\Users\USER\AppData\Local\Microsoft\WindowsApps;C:\ProgramData\USER\GitHubDesktop\bin;C:\Users\USER\AppData\Local\Programs\mongosh\;C:\Program Files\MongoDB\Server\7.0\bin;C:\Users\USER\AppData\Roaming\npm;C:\Users\USER\AppData\Local\Programs\Microsoft VS Code\bin
USERNAME=USER
OS=Windows_NT
PROCESSOR_IDENTIFIER=Intel64 Family 6 Model 126 Stepping 5, GenuineIntel



---------------  S Y S T E M  ---------------

OS:
 Windows 11 , 64 bit Build 22621 (10.0.22621.3235)
OS uptime: 0 days 5:09 hours
Hyper-V role detected

CPU: total 4 (initial active 4) (2 cores per cpu, 2 threads per core) family 6 model 126 stepping 5 microcode 0xc2, cx8, cmov, fxsr, ht, mmx, 3dnowpref, sse, sse2, sse3, ssse3, sse4.1, sse4.2, popcnt, lzcnt, tsc, tscinvbit, avx, avx2, aes, erms, clmul, bmi1, bmi2, adx, avx512f, avx512dq, avx512cd, avx512bw, avx512vl, sha, fma, vzeroupper, avx512_vpopcntdq, avx512_vpclmulqdq, avx512_vaes, avx512_vnni, clflush, clflushopt, avx512_vbmi2, avx512_vbmi, hv

Memory: 4k page, system-wide physical 7959M (1326M free)
TotalPageFile size 12139M (AvailPageFile size 4M)
current process WorkingSet (physical memory assigned to process): 74M, peak: 74M
current process commit charge ("private bytes"): 219M, peak: 220M

vm_info: Java HotSpot(TM) 64-Bit Server VM (17.0.9+11-LTS-201) for windows-amd64 JRE (17.0.9+11-LTS-201), built on Oct 10 2023 23:16:06 by "mach5one" with MS VC++ 17.1 (VS2022)

END.
